[debug] [2021-12-13T05:01:29.085Z] ----------------------------------------------------------------------
[debug] [2021-12-13T05:01:29.087Z] Command:       /usr/local/bin/node /usr/local/bin/firebase emulators:start
[debug] [2021-12-13T05:01:29.088Z] CLI Version:   9.23.1
[debug] [2021-12-13T05:01:29.088Z] Platform:      darwin
[debug] [2021-12-13T05:01:29.088Z] Node Version:  v12.18.3
[debug] [2021-12-13T05:01:29.095Z] Time:          Mon Dec 13 2021 00:01:29 GMT-0500 (Eastern Standard Time)
[debug] [2021-12-13T05:01:29.096Z] ----------------------------------------------------------------------
[debug] 
[debug] [2021-12-13T05:01:29.099Z] >>> [apiv2][query] GET https://firebase-public.firebaseio.com/cli.json [none]
[debug] [2021-12-13T05:01:29.187Z] > command requires scopes: ["email","openid","https://www.googleapis.com/auth/cloudplatformprojects.readonly","https://www.googleapis.com/auth/firebase","https://www.googleapis.com/auth/cloud-platform"]
[debug] [2021-12-13T05:01:29.188Z] > authorizing via signed-in user (hkilic2@binghamton.edu)
[info] i  emulators: Starting emulators: functions, hosting {"metadata":{"emulator":{"name":"hub"},"message":"Starting emulators: functions, hosting"}}
[debug] [2021-12-13T05:01:29.214Z] [hub] writing locator at /var/folders/w7/dpyfk91d7_sdtvb0cbvzwb640000gn/T/hub-clone-github-5a1c7.json
[warn] ⚠  functions: The following emulators are not running, calls to these services from the Functions emulator will affect production: auth, firestore, database, pubsub, storage {"metadata":{"emulator":{"name":"functions"},"message":"The following emulators are not running, calls to these services from the Functions emulator will affect production: \u001b[1mauth, firestore, database, pubsub, storage\u001b[22m"}}
[warn] ⚠  Your requested "node" version "14" doesn't match your global version "12" {"metadata":{"emulator":{"name":"functions"},"message":"Your requested \"node\" version \"14\" doesn't match your global version \"12\""}}
[debug] [2021-12-13T05:01:29.306Z] defaultcredentials: writing to file /Users/dorukkilic/.config/firebase/hkilic2_binghamton_edu_application_default_credentials.json
[debug] [2021-12-13T05:01:29.314Z] Setting GAC to /Users/dorukkilic/.config/firebase/hkilic2_binghamton_edu_application_default_credentials.json {"metadata":{"emulator":{"name":"functions"},"message":"Setting GAC to /Users/dorukkilic/.config/firebase/hkilic2_binghamton_edu_application_default_credentials.json"}}
[debug] [2021-12-13T05:01:29.317Z] > refreshing access token with scopes: []
[debug] [2021-12-13T05:01:29.319Z] >>> HTTP REQUEST POST https://www.googleapis.com/oauth2/v3/token  
 <request body omitted>
[debug] [2021-12-13T05:01:29.402Z] <<< [apiv2][status] GET https://firebase-public.firebaseio.com/cli.json 200
[debug] [2021-12-13T05:01:29.403Z] <<< [apiv2][body] GET https://firebase-public.firebaseio.com/cli.json {"cloudBuildErrorAfter":1594252800000,"cloudBuildWarnAfter":1590019200000,"defaultNode10After":1594252800000,"minVersion":"3.0.5","node8DeploysDisabledAfter":1613390400000,"node8RuntimeDisabledAfter":1615809600000,"node8WarnAfter":1600128000000}
[debug] [2021-12-13T05:01:29.663Z] <<< HTTP RESPONSE 200 {"date":"Mon, 13 Dec 2021 05:01:29 GMT","pragma":"no-cache","expires":"Mon, 01 Jan 1990 00:00:00 GMT","cache-control":"no-cache, no-store, max-age=0, must-revalidate","content-type":"application/json; charset=utf-8","vary":"X-Origin, Referer, Origin,Accept-Encoding","server":"scaffolding on HTTPServer2","x-xss-protection":"0","x-frame-options":"SAMEORIGIN","x-content-type-options":"nosniff","alt-svc":"h3=\":443\"; ma=2592000,h3-29=\":443\"; ma=2592000,h3-Q050=\":443\"; ma=2592000,h3-Q046=\":443\"; ma=2592000,h3-Q043=\":443\"; ma=2592000,quic=\":443\"; ma=2592000; v=\"46,43\"","accept-ranges":"none","transfer-encoding":"chunked"}
[debug] [2021-12-13T05:01:29.719Z] >>> [apiv2][query] GET https://firebase.googleapis.com/v1beta1/projects/clone-github-5a1c7/adminSdkConfig [none]
[debug] [2021-12-13T05:01:30.284Z] <<< [apiv2][status] GET https://firebase.googleapis.com/v1beta1/projects/clone-github-5a1c7/adminSdkConfig 200
[debug] [2021-12-13T05:01:30.285Z] <<< [apiv2][body] GET https://firebase.googleapis.com/v1beta1/projects/clone-github-5a1c7/adminSdkConfig {"projectId":"clone-github-5a1c7","storageBucket":"clone-github-5a1c7.appspot.com","locationId":"us-central"}
[debug] [2021-12-13T05:01:30.574Z] >>> [apiv2][query] GET https://firebasehosting.googleapis.com/v1beta1/projects/clone-github-5a1c7/sites 
[debug] [2021-12-13T05:01:31.094Z] <<< [apiv2][status] GET https://firebasehosting.googleapis.com/v1beta1/projects/clone-github-5a1c7/sites 200
[debug] [2021-12-13T05:01:31.095Z] <<< [apiv2][body] GET https://firebasehosting.googleapis.com/v1beta1/projects/clone-github-5a1c7/sites {"sites":[{"name":"projects/728648486195/sites/clone-github-5a1c7","defaultUrl":"https://clone-github-5a1c7.web.app","appId":"1:728648486195:web:dd91b8aeb1a3e982198246","type":"DEFAULT_SITE"}]}
[debug] [2021-12-13T05:01:31.096Z] >>> [apiv2][query] GET https://firebase.googleapis.com/v1beta1/projects/clone-github-5a1c7/webApps/1:728648486195:web:dd91b8aeb1a3e982198246/config [none]
[debug] [2021-12-13T05:01:31.705Z] <<< [apiv2][status] GET https://firebase.googleapis.com/v1beta1/projects/clone-github-5a1c7/webApps/1:728648486195:web:dd91b8aeb1a3e982198246/config 200
[debug] [2021-12-13T05:01:31.706Z] <<< [apiv2][body] GET https://firebase.googleapis.com/v1beta1/projects/clone-github-5a1c7/webApps/1:728648486195:web:dd91b8aeb1a3e982198246/config {"projectId":"clone-github-5a1c7","appId":"1:728648486195:web:dd91b8aeb1a3e982198246","storageBucket":"clone-github-5a1c7.appspot.com","locationId":"us-central","apiKey":"AIzaSyC2B8HNKF3E7gBhCbUKy7GEhTrm_O7XIa8","authDomain":"clone-github-5a1c7.firebaseapp.com","messagingSenderId":"728648486195","measurementId":"G-NVNSMVLZ5F"}
[info] i  hosting: Serving hosting files from: build {"metadata":{"emulator":{"name":"hosting"},"message":"Serving hosting files from: \u001b[1mbuild\u001b[22m"}}
[info] ✔  hosting: Local server: http://localhost:5000 {"metadata":{"emulator":{"name":"hosting"},"message":"Local server: \u001b[4m\u001b[1mhttp://localhost:5000\u001b[22m\u001b[24m"}}
[debug] [2021-12-13T05:01:32.022Z] Ignoring unsupported arg: auto_download {"metadata":{"emulator":{"name":"ui"},"message":"Ignoring unsupported arg: auto_download"}}
[debug] [2021-12-13T05:01:32.023Z] Ignoring unsupported arg: port {"metadata":{"emulator":{"name":"ui"},"message":"Ignoring unsupported arg: port"}}
[debug] [2021-12-13T05:01:32.023Z] Starting Emulator UI with command {"binary":"node","args":["/Users/dorukkilic/.cache/firebase/emulators/ui-v1.6.4/server.bundle.js"],"optionalArgs":[],"joinArgs":false} {"metadata":{"emulator":{"name":"ui"},"message":"Starting Emulator UI with command {\"binary\":\"node\",\"args\":[\"/Users/dorukkilic/.cache/firebase/emulators/ui-v1.6.4/server.bundle.js\"],\"optionalArgs\":[],\"joinArgs\":false}"}}
[info] i  ui: Emulator UI logging to ui-debug.log {"metadata":{"emulator":{"name":"ui"},"message":"Emulator UI logging to \u001b[1mui-debug.log\u001b[22m"}}
[debug] [2021-12-13T05:01:32.165Z] Web / API server started at localhost:4000
 {"metadata":{"emulator":{"name":"ui"},"message":"Web / API server started at localhost:4000\n"}}
[info] i  functions: Watching "/Users/dorukkilic/coding/react/reactRecap/amazon-clone-git-version/amazon-clone/functions" for Cloud Functions... {"metadata":{"emulator":{"name":"functions"},"message":"Watching \"/Users/dorukkilic/coding/react/reactRecap/amazon-clone-git-version/amazon-clone/functions\" for Cloud Functions..."}}
[debug] [2021-12-13T05:01:32.340Z] [worker-pool] addWorker(~diagnostic~) {"metadata":{"emulator":{"name":"functions"},"message":"[worker-pool] addWorker(~diagnostic~)"}}
[debug] [2021-12-13T05:01:32.341Z] [worker-pool] Adding worker with key ~diagnostic~, total=1 {"metadata":{"emulator":{"name":"functions"},"message":"[worker-pool] Adding worker with key ~diagnostic~, total=1"}}
[debug] [2021-12-13T05:01:32.342Z] [worker-pool] submitWork(triggerId=) {"metadata":{"emulator":{"name":"functions"},"message":"[worker-pool] submitWork(triggerId=)"}}
[debug] [2021-12-13T05:01:32.345Z] [worker-~diagnostic~-fe0911a1-c0e9-495c-9834-dbe71eadb3d5]: Assigning socketPath: /var/folders/w7/dpyfk91d7_sdtvb0cbvzwb640000gn/T/fire_emu_53926.sock {"metadata":{"emulator":{"name":"functions"},"message":"[worker-~diagnostic~-fe0911a1-c0e9-495c-9834-dbe71eadb3d5]: Assigning socketPath: /var/folders/w7/dpyfk91d7_sdtvb0cbvzwb640000gn/T/fire_emu_53926.sock"}}
[debug] [2021-12-13T05:01:32.345Z] [worker-~diagnostic~-fe0911a1-c0e9-495c-9834-dbe71eadb3d5]: BUSY {"metadata":{"emulator":{"name":"functions"},"message":"[worker-~diagnostic~-fe0911a1-c0e9-495c-9834-dbe71eadb3d5]: BUSY"}}
[debug] [2021-12-13T05:01:32.505Z] [runtime-status] [53926] Functions runtime initialized. {"cwd":"/Users/dorukkilic/coding/react/reactRecap/amazon-clone-git-version/amazon-clone/functions","node_version":"12.18.3"} {"metadata":{"emulator":{"name":"functions"},"message":"[runtime-status] [53926] Functions runtime initialized. {\"cwd\":\"/Users/dorukkilic/coding/react/reactRecap/amazon-clone-git-version/amazon-clone/functions\",\"node_version\":\"12.18.3\"}"}}
[debug] [2021-12-13T05:01:32.506Z] [runtime-status] [53926] Disabled runtime features: undefined {"metadata":{"emulator":{"name":"functions"},"message":"[runtime-status] [53926] Disabled runtime features: undefined"}}
[debug] [2021-12-13T05:01:32.512Z] [runtime-status] [53926] Resolved module firebase-admin {"declared":true,"installed":true,"version":"9.12.0","resolution":"/Users/dorukkilic/coding/react/reactRecap/amazon-clone-git-version/amazon-clone/functions/node_modules/firebase-admin/lib/index.js"} {"metadata":{"emulator":{"name":"functions"},"message":"[runtime-status] [53926] Resolved module firebase-admin {\"declared\":true,\"installed\":true,\"version\":\"9.12.0\",\"resolution\":\"/Users/dorukkilic/coding/react/reactRecap/amazon-clone-git-version/amazon-clone/functions/node_modules/firebase-admin/lib/index.js\"}"}}
[debug] [2021-12-13T05:01:32.515Z] [runtime-status] [53926] Resolved module firebase-functions {"declared":true,"installed":true,"version":"3.16.0","resolution":"/Users/dorukkilic/coding/react/reactRecap/amazon-clone-git-version/amazon-clone/functions/node_modules/firebase-functions/lib/index.js"} {"metadata":{"emulator":{"name":"functions"},"message":"[runtime-status] [53926] Resolved module firebase-functions {\"declared\":true,\"installed\":true,\"version\":\"3.16.0\",\"resolution\":\"/Users/dorukkilic/coding/react/reactRecap/amazon-clone-git-version/amazon-clone/functions/node_modules/firebase-functions/lib/index.js\"}"}}
[debug] [2021-12-13T05:01:32.517Z] [runtime-status] [53926] Outgoing network have been stubbed. [{"name":"http","status":"mocked"},{"name":"http","status":"mocked"},{"name":"https","status":"mocked"},{"name":"https","status":"mocked"},{"name":"net","status":"mocked"}] {"metadata":{"emulator":{"name":"functions"},"message":"[runtime-status] [53926] Outgoing network have been stubbed. [{\"name\":\"http\",\"status\":\"mocked\"},{\"name\":\"http\",\"status\":\"mocked\"},{\"name\":\"https\",\"status\":\"mocked\"},{\"name\":\"https\",\"status\":\"mocked\"},{\"name\":\"net\",\"status\":\"mocked\"}]"}}
[debug] [2021-12-13T05:01:32.518Z] [runtime-status] [53926] Resolved module firebase-functions {"declared":true,"installed":true,"version":"3.16.0","resolution":"/Users/dorukkilic/coding/react/reactRecap/amazon-clone-git-version/amazon-clone/functions/node_modules/firebase-functions/lib/index.js"} {"metadata":{"emulator":{"name":"functions"},"message":"[runtime-status] [53926] Resolved module firebase-functions {\"declared\":true,\"installed\":true,\"version\":\"3.16.0\",\"resolution\":\"/Users/dorukkilic/coding/react/reactRecap/amazon-clone-git-version/amazon-clone/functions/node_modules/firebase-functions/lib/index.js\"}"}}
[debug] [2021-12-13T05:01:32.624Z] [runtime-status] [53926] Checked functions.config() {"config":{}} {"metadata":{"emulator":{"name":"functions"},"message":"[runtime-status] [53926] Checked functions.config() {\"config\":{}}"}}
[debug] [2021-12-13T05:01:32.624Z] [runtime-status] [53926] firebase-functions has been stubbed. {"functionsResolution":{"declared":true,"installed":true,"version":"3.16.0","resolution":"/Users/dorukkilic/coding/react/reactRecap/amazon-clone-git-version/amazon-clone/functions/node_modules/firebase-functions/lib/index.js"}} {"metadata":{"emulator":{"name":"functions"},"message":"[runtime-status] [53926] firebase-functions has been stubbed. {\"functionsResolution\":{\"declared\":true,\"installed\":true,\"version\":\"3.16.0\",\"resolution\":\"/Users/dorukkilic/coding/react/reactRecap/amazon-clone-git-version/amazon-clone/functions/node_modules/firebase-functions/lib/index.js\"}}"}}
[debug] [2021-12-13T05:01:32.625Z] [runtime-status] [53926] Resolved module firebase-functions {"declared":true,"installed":true,"version":"3.16.0","resolution":"/Users/dorukkilic/coding/react/reactRecap/amazon-clone-git-version/amazon-clone/functions/node_modules/firebase-functions/lib/index.js"} {"metadata":{"emulator":{"name":"functions"},"message":"[runtime-status] [53926] Resolved module firebase-functions {\"declared\":true,\"installed\":true,\"version\":\"3.16.0\",\"resolution\":\"/Users/dorukkilic/coding/react/reactRecap/amazon-clone-git-version/amazon-clone/functions/node_modules/firebase-functions/lib/index.js\"}"}}
[debug] [2021-12-13T05:01:32.626Z] [runtime-status] [53926] Resolved module firebase-admin {"declared":true,"installed":true,"version":"9.12.0","resolution":"/Users/dorukkilic/coding/react/reactRecap/amazon-clone-git-version/amazon-clone/functions/node_modules/firebase-admin/lib/index.js"} {"metadata":{"emulator":{"name":"functions"},"message":"[runtime-status] [53926] Resolved module firebase-admin {\"declared\":true,\"installed\":true,\"version\":\"9.12.0\",\"resolution\":\"/Users/dorukkilic/coding/react/reactRecap/amazon-clone-git-version/amazon-clone/functions/node_modules/firebase-admin/lib/index.js\"}"}}
[debug] [2021-12-13T05:01:32.627Z] [runtime-status] [53926] Resolved module firebase-functions {"declared":true,"installed":true,"version":"3.16.0","resolution":"/Users/dorukkilic/coding/react/reactRecap/amazon-clone-git-version/amazon-clone/functions/node_modules/firebase-functions/lib/index.js"} {"metadata":{"emulator":{"name":"functions"},"message":"[runtime-status] [53926] Resolved module firebase-functions {\"declared\":true,\"installed\":true,\"version\":\"3.16.0\",\"resolution\":\"/Users/dorukkilic/coding/react/reactRecap/amazon-clone-git-version/amazon-clone/functions/node_modules/firebase-functions/lib/index.js\"}"}}
[debug] [2021-12-13T05:01:32.627Z] [runtime-status] [53926] firebase-admin has been stubbed. {"adminResolution":{"declared":true,"installed":true,"version":"9.12.0","resolution":"/Users/dorukkilic/coding/react/reactRecap/amazon-clone-git-version/amazon-clone/functions/node_modules/firebase-admin/lib/index.js"}} {"metadata":{"emulator":{"name":"functions"},"message":"[runtime-status] [53926] firebase-admin has been stubbed. {\"adminResolution\":{\"declared\":true,\"installed\":true,\"version\":\"9.12.0\",\"resolution\":\"/Users/dorukkilic/coding/react/reactRecap/amazon-clone-git-version/amazon-clone/functions/node_modules/firebase-admin/lib/index.js\"}}"}}
[info] ✔  functions[us-central1-api]: http function initialized (http://localhost:5001/clone-github-5a1c7/us-central1/api). {"metadata":{"emulator":{"name":"functions"},"message":"\u001b[1mhttp\u001b[22m function initialized (http://localhost:5001/clone-github-5a1c7/us-central1/api)."}}
[info] 
┌─────────────────────────────────────────────────────────────┐
│ ✔  All emulators ready! It is now safe to connect your app. │
│ i  View Emulator UI at http://localhost:4000                │
└─────────────────────────────────────────────────────────────┘

┌───────────┬────────────────┬─────────────────────────────────┐
│ Emulator  │ Host:Port      │ View in Emulator UI             │
├───────────┼────────────────┼─────────────────────────────────┤
│ Functions │ localhost:5001 │ http://localhost:4000/functions │
├───────────┼────────────────┼─────────────────────────────────┤
│ Hosting   │ localhost:5000 │ n/a                             │
└───────────┴────────────────┴─────────────────────────────────┘
  Emulator Hub running at localhost:4400
  Other reserved ports: 4500

Issues? Report them at https://github.com/firebase/firebase-tools/issues and attach the *-debug.log files.
 
[debug] [2021-12-13T05:01:32.892Z] [worker-~diagnostic~-fe0911a1-c0e9-495c-9834-dbe71eadb3d5]: IDLE {"metadata":{"emulator":{"name":"functions"},"message":"[worker-~diagnostic~-fe0911a1-c0e9-495c-9834-dbe71eadb3d5]: IDLE"}}
[debug] [2021-12-13T05:03:00.717Z] [work-queue] {"queueLength":1,"workRunningCount":0}
[debug] [2021-12-13T05:03:00.718Z] [work-queue] {"queueLength":0,"workRunningCount":1}
[debug] [2021-12-13T05:03:00.719Z] Accepted request POST /clone-github-5a1c7/us-central1/api/payments/create?total=34995 --> us-central1-api
[debug] [2021-12-13T05:03:00.736Z] [worker-pool] addWorker(us-central1-api) {"metadata":{"emulator":{"name":"functions"},"message":"[worker-pool] addWorker(us-central1-api)"}}
[debug] [2021-12-13T05:03:00.738Z] [worker-pool] Adding worker with key us-central1-api, total=1 {"metadata":{"emulator":{"name":"functions"},"message":"[worker-pool] Adding worker with key us-central1-api, total=1"}}
[debug] [2021-12-13T05:03:00.739Z] [worker-pool] submitWork(triggerId=us-central1-api) {"metadata":{"emulator":{"name":"functions"},"message":"[worker-pool] submitWork(triggerId=us-central1-api)"}}
[debug] [2021-12-13T05:03:00.739Z] [worker-us-central1-api-6eda6cef-06b0-43b9-98d4-f8ad6b6818c2]: Assigning socketPath: /var/folders/w7/dpyfk91d7_sdtvb0cbvzwb640000gn/T/fire_emu_53959.sock {"metadata":{"emulator":{"name":"functions"},"message":"[worker-us-central1-api-6eda6cef-06b0-43b9-98d4-f8ad6b6818c2]: Assigning socketPath: /var/folders/w7/dpyfk91d7_sdtvb0cbvzwb640000gn/T/fire_emu_53959.sock"}}
[debug] [2021-12-13T05:03:00.739Z] [worker-us-central1-api-6eda6cef-06b0-43b9-98d4-f8ad6b6818c2]: BUSY {"metadata":{"emulator":{"name":"functions"},"message":"[worker-us-central1-api-6eda6cef-06b0-43b9-98d4-f8ad6b6818c2]: BUSY"}}
[debug] [2021-12-13T05:03:01.127Z] [runtime-status] [53959] Functions runtime initialized. {"cwd":"/Users/dorukkilic/coding/react/reactRecap/amazon-clone-git-version/amazon-clone/functions","node_version":"12.18.3"} {"metadata":{"emulator":{"name":"functions"},"function":{"name":"us-central1-api"},"message":"[runtime-status] [53959] Functions runtime initialized. {\"cwd\":\"/Users/dorukkilic/coding/react/reactRecap/amazon-clone-git-version/amazon-clone/functions\",\"node_version\":\"12.18.3\"}"}}
[debug] [2021-12-13T05:03:01.129Z] [runtime-status] [53959] Disabled runtime features: undefined {"metadata":{"emulator":{"name":"functions"},"function":{"name":"us-central1-api"},"message":"[runtime-status] [53959] Disabled runtime features: undefined"}}
[debug] [2021-12-13T05:03:01.136Z] [runtime-status] [53959] Resolved module firebase-admin {"declared":true,"installed":true,"version":"9.12.0","resolution":"/Users/dorukkilic/coding/react/reactRecap/amazon-clone-git-version/amazon-clone/functions/node_modules/firebase-admin/lib/index.js"} {"metadata":{"emulator":{"name":"functions"},"function":{"name":"us-central1-api"},"message":"[runtime-status] [53959] Resolved module firebase-admin {\"declared\":true,\"installed\":true,\"version\":\"9.12.0\",\"resolution\":\"/Users/dorukkilic/coding/react/reactRecap/amazon-clone-git-version/amazon-clone/functions/node_modules/firebase-admin/lib/index.js\"}"}}
[debug] [2021-12-13T05:03:01.140Z] [runtime-status] [53959] Resolved module firebase-functions {"declared":true,"installed":true,"version":"3.16.0","resolution":"/Users/dorukkilic/coding/react/reactRecap/amazon-clone-git-version/amazon-clone/functions/node_modules/firebase-functions/lib/index.js"} {"metadata":{"emulator":{"name":"functions"},"function":{"name":"us-central1-api"},"message":"[runtime-status] [53959] Resolved module firebase-functions {\"declared\":true,\"installed\":true,\"version\":\"3.16.0\",\"resolution\":\"/Users/dorukkilic/coding/react/reactRecap/amazon-clone-git-version/amazon-clone/functions/node_modules/firebase-functions/lib/index.js\"}"}}
[debug] [2021-12-13T05:03:01.143Z] [runtime-status] [53959] Outgoing network have been stubbed. [{"name":"http","status":"mocked"},{"name":"http","status":"mocked"},{"name":"https","status":"mocked"},{"name":"https","status":"mocked"},{"name":"net","status":"mocked"}] {"metadata":{"emulator":{"name":"functions"},"function":{"name":"us-central1-api"},"message":"[runtime-status] [53959] Outgoing network have been stubbed. [{\"name\":\"http\",\"status\":\"mocked\"},{\"name\":\"http\",\"status\":\"mocked\"},{\"name\":\"https\",\"status\":\"mocked\"},{\"name\":\"https\",\"status\":\"mocked\"},{\"name\":\"net\",\"status\":\"mocked\"}]"}}
[debug] [2021-12-13T05:03:01.143Z] [runtime-status] [53959] Resolved module firebase-functions {"declared":true,"installed":true,"version":"3.16.0","resolution":"/Users/dorukkilic/coding/react/reactRecap/amazon-clone-git-version/amazon-clone/functions/node_modules/firebase-functions/lib/index.js"} {"metadata":{"emulator":{"name":"functions"},"function":{"name":"us-central1-api"},"message":"[runtime-status] [53959] Resolved module firebase-functions {\"declared\":true,\"installed\":true,\"version\":\"3.16.0\",\"resolution\":\"/Users/dorukkilic/coding/react/reactRecap/amazon-clone-git-version/amazon-clone/functions/node_modules/firebase-functions/lib/index.js\"}"}}
[debug] [2021-12-13T05:03:01.291Z] [runtime-status] [53959] Checked functions.config() {"config":{}} {"metadata":{"emulator":{"name":"functions"},"function":{"name":"us-central1-api"},"message":"[runtime-status] [53959] Checked functions.config() {\"config\":{}}"}}
[debug] [2021-12-13T05:03:01.301Z] [runtime-status] [53959] firebase-functions has been stubbed. {"functionsResolution":{"declared":true,"installed":true,"version":"3.16.0","resolution":"/Users/dorukkilic/coding/react/reactRecap/amazon-clone-git-version/amazon-clone/functions/node_modules/firebase-functions/lib/index.js"}} {"metadata":{"emulator":{"name":"functions"},"function":{"name":"us-central1-api"},"message":"[runtime-status] [53959] firebase-functions has been stubbed. {\"functionsResolution\":{\"declared\":true,\"installed\":true,\"version\":\"3.16.0\",\"resolution\":\"/Users/dorukkilic/coding/react/reactRecap/amazon-clone-git-version/amazon-clone/functions/node_modules/firebase-functions/lib/index.js\"}}"}}
[debug] [2021-12-13T05:03:01.303Z] [runtime-status] [53959] Resolved module firebase-functions {"declared":true,"installed":true,"version":"3.16.0","resolution":"/Users/dorukkilic/coding/react/reactRecap/amazon-clone-git-version/amazon-clone/functions/node_modules/firebase-functions/lib/index.js"} {"metadata":{"emulator":{"name":"functions"},"function":{"name":"us-central1-api"},"message":"[runtime-status] [53959] Resolved module firebase-functions {\"declared\":true,\"installed\":true,\"version\":\"3.16.0\",\"resolution\":\"/Users/dorukkilic/coding/react/reactRecap/amazon-clone-git-version/amazon-clone/functions/node_modules/firebase-functions/lib/index.js\"}"}}
[debug] [2021-12-13T05:03:01.306Z] [runtime-status] [53959] Resolved module firebase-admin {"declared":true,"installed":true,"version":"9.12.0","resolution":"/Users/dorukkilic/coding/react/reactRecap/amazon-clone-git-version/amazon-clone/functions/node_modules/firebase-admin/lib/index.js"} {"metadata":{"emulator":{"name":"functions"},"function":{"name":"us-central1-api"},"message":"[runtime-status] [53959] Resolved module firebase-admin {\"declared\":true,\"installed\":true,\"version\":\"9.12.0\",\"resolution\":\"/Users/dorukkilic/coding/react/reactRecap/amazon-clone-git-version/amazon-clone/functions/node_modules/firebase-admin/lib/index.js\"}"}}
[debug] [2021-12-13T05:03:01.309Z] [runtime-status] [53959] Resolved module firebase-functions {"declared":true,"installed":true,"version":"3.16.0","resolution":"/Users/dorukkilic/coding/react/reactRecap/amazon-clone-git-version/amazon-clone/functions/node_modules/firebase-functions/lib/index.js"} {"metadata":{"emulator":{"name":"functions"},"function":{"name":"us-central1-api"},"message":"[runtime-status] [53959] Resolved module firebase-functions {\"declared\":true,\"installed\":true,\"version\":\"3.16.0\",\"resolution\":\"/Users/dorukkilic/coding/react/reactRecap/amazon-clone-git-version/amazon-clone/functions/node_modules/firebase-functions/lib/index.js\"}"}}
[debug] [2021-12-13T05:03:01.310Z] [runtime-status] [53959] firebase-admin has been stubbed. {"adminResolution":{"declared":true,"installed":true,"version":"9.12.0","resolution":"/Users/dorukkilic/coding/react/reactRecap/amazon-clone-git-version/amazon-clone/functions/node_modules/firebase-admin/lib/index.js"}} {"metadata":{"emulator":{"name":"functions"},"function":{"name":"us-central1-api"},"message":"[runtime-status] [53959] firebase-admin has been stubbed. {\"adminResolution\":{\"declared\":true,\"installed\":true,\"version\":\"9.12.0\",\"resolution\":\"/Users/dorukkilic/coding/react/reactRecap/amazon-clone-git-version/amazon-clone/functions/node_modules/firebase-admin/lib/index.js\"}}"}}
[debug] [2021-12-13T05:03:01.567Z] [runtime-status] [53959] Trigger "us-central1-api" has been found, beginning invocation! {"metadata":{"emulator":{"name":"functions"},"function":{"name":"us-central1-api"},"message":"[runtime-status] [53959] Trigger \"us-central1-api\" has been found, beginning invocation!"}}
[info] i  functions: Beginning execution of "us-central1-api" {"metadata":{"emulator":{"name":"functions"},"function":{"name":"us-central1-api"},"message":"Beginning execution of \"us-central1-api\""}}
[debug] [2021-12-13T05:03:01.570Z] [runtime-status] [53959] triggerDefinition {"httpsTrigger":{},"name":"api","entryPoint":"api","regions":["us-central1"],"region":"us-central1","id":"us-central1-api"} {"metadata":{"emulator":{"name":"functions"},"function":{"name":"us-central1-api"},"message":"[runtime-status] [53959] triggerDefinition {\"httpsTrigger\":{},\"name\":\"api\",\"entryPoint\":\"api\",\"regions\":[\"us-central1\"],\"region\":\"us-central1\",\"id\":\"us-central1-api\"}"}}
[debug] [2021-12-13T05:03:01.570Z] [runtime-status] [53959] Running us-central1-api in signature http {"metadata":{"emulator":{"name":"functions"},"function":{"name":"us-central1-api"},"message":"[runtime-status] [53959] Running us-central1-api in signature http"}}
[debug] [2021-12-13T05:03:01.579Z] [runtime-status] [53959] Attempting to listen to socketPath: /var/folders/w7/dpyfk91d7_sdtvb0cbvzwb640000gn/T/fire_emu_53959.sock {"metadata":{"emulator":{"name":"functions"},"function":{"name":"us-central1-api"},"message":"[runtime-status] [53959] Attempting to listen to socketPath: /var/folders/w7/dpyfk91d7_sdtvb0cbvzwb640000gn/T/fire_emu_53959.sock"}}
[debug] [2021-12-13T05:03:01.586Z] [functions] Runtime ready! Sending request! {"metadata":{"emulator":{"name":"functions"},"message":"[functions] Runtime ready! Sending request!"}}
[debug] [2021-12-13T05:03:01.587Z] [functions] Got req.url=/clone-github-5a1c7/us-central1/api/payments/create?total=34995, mapping to path=/payments/create?total=34995 {"metadata":{"emulator":{"name":"functions"},"message":"[functions] Got req.url=/clone-github-5a1c7/us-central1/api/payments/create?total=34995, mapping to path=/payments/create?total=34995"}}
[debug] [2021-12-13T05:03:01.718Z] [runtime-status] [53959] Ephemeral server handling POST request {"metadata":{"emulator":{"name":"functions"},"function":{"name":"us-central1-api"},"message":"[runtime-status] [53959] Ephemeral server handling POST request"}}
[info] >  Payment request received!!!!!!! Total >>  34995 {"user":"Payment request received!!!!!!! Total >>  34995","metadata":{"emulator":{"name":"functions"},"function":{"name":"us-central1-api"},"message":"\u001b[90m> \u001b[39m Payment request received!!!!!!! Total >>  34995"}}
[debug] [2021-12-13T05:03:01.737Z] [runtime-status] [53959] Ephemeral server survived. {"metadata":{"emulator":{"name":"functions"},"function":{"name":"us-central1-api"},"message":"[runtime-status] [53959] Ephemeral server survived."}}
[info] i  functions: Finished "us-central1-api" in ~1s {"metadata":{"emulator":{"name":"functions"},"function":{"name":"us-central1-api"},"message":"Finished \"us-central1-api\" in ~1s"}}
[debug] [2021-12-13T05:03:02.552Z] [worker-us-central1-api-6eda6cef-06b0-43b9-98d4-f8ad6b6818c2]: IDLE {"metadata":{"emulator":{"name":"functions"},"message":"[worker-us-central1-api-6eda6cef-06b0-43b9-98d4-f8ad6b6818c2]: IDLE"}}
[debug] [2021-12-13T05:03:02.553Z] [work-queue] {"queueLength":0,"workRunningCount":0}
[debug] [2021-12-13T05:03:33.887Z] [work-queue] {"queueLength":1,"workRunningCount":0}
[debug] [2021-12-13T05:03:33.888Z] [work-queue] {"queueLength":0,"workRunningCount":1}
[debug] [2021-12-13T05:03:33.888Z] Accepted request POST /clone-github-5a1c7/us-central1/api/payments/create?total=0 --> us-central1-api
[debug] [2021-12-13T05:03:33.893Z] [worker-pool] submitWork(triggerId=us-central1-api) {"metadata":{"emulator":{"name":"functions"},"message":"[worker-pool] submitWork(triggerId=us-central1-api)"}}
[debug] [2021-12-13T05:03:33.894Z] [worker-us-central1-api-6eda6cef-06b0-43b9-98d4-f8ad6b6818c2]: Assigning socketPath: /var/folders/w7/dpyfk91d7_sdtvb0cbvzwb640000gn/T/fire_emu_53959.sock {"metadata":{"emulator":{"name":"functions"},"message":"[worker-us-central1-api-6eda6cef-06b0-43b9-98d4-f8ad6b6818c2]: Assigning socketPath: /var/folders/w7/dpyfk91d7_sdtvb0cbvzwb640000gn/T/fire_emu_53959.sock"}}
[debug] [2021-12-13T05:03:33.894Z] [worker-us-central1-api-6eda6cef-06b0-43b9-98d4-f8ad6b6818c2]: BUSY {"metadata":{"emulator":{"name":"functions"},"message":"[worker-us-central1-api-6eda6cef-06b0-43b9-98d4-f8ad6b6818c2]: BUSY"}}
[debug] [2021-12-13T05:03:33.906Z] [runtime-status] [53959] Trigger "us-central1-api" has been found, beginning invocation! {"metadata":{"emulator":{"name":"functions"},"function":{"name":"us-central1-api"},"message":"[runtime-status] [53959] Trigger \"us-central1-api\" has been found, beginning invocation!"}}
[info] i  functions: Beginning execution of "us-central1-api" {"metadata":{"emulator":{"name":"functions"},"function":{"name":"us-central1-api"},"message":"Beginning execution of \"us-central1-api\""}}
[debug] [2021-12-13T05:03:33.907Z] [runtime-status] [53959] triggerDefinition {"httpsTrigger":{},"name":"api","entryPoint":"api","regions":["us-central1"],"region":"us-central1","id":"us-central1-api"} {"metadata":{"emulator":{"name":"functions"},"function":{"name":"us-central1-api"},"message":"[runtime-status] [53959] triggerDefinition {\"httpsTrigger\":{},\"name\":\"api\",\"entryPoint\":\"api\",\"regions\":[\"us-central1\"],\"region\":\"us-central1\",\"id\":\"us-central1-api\"}"}}
[debug] [2021-12-13T05:03:33.916Z] [runtime-status] [53959] Running us-central1-api in signature http {"metadata":{"emulator":{"name":"functions"},"function":{"name":"us-central1-api"},"message":"[runtime-status] [53959] Running us-central1-api in signature http"}}
[debug] [2021-12-13T05:03:33.917Z] [runtime-status] [53959] Attempting to listen to socketPath: /var/folders/w7/dpyfk91d7_sdtvb0cbvzwb640000gn/T/fire_emu_53959.sock {"metadata":{"emulator":{"name":"functions"},"function":{"name":"us-central1-api"},"message":"[runtime-status] [53959] Attempting to listen to socketPath: /var/folders/w7/dpyfk91d7_sdtvb0cbvzwb640000gn/T/fire_emu_53959.sock"}}
[debug] [2021-12-13T05:03:33.918Z] [functions] Runtime ready! Sending request! {"metadata":{"emulator":{"name":"functions"},"message":"[functions] Runtime ready! Sending request!"}}
[debug] [2021-12-13T05:03:33.918Z] [functions] Got req.url=/clone-github-5a1c7/us-central1/api/payments/create?total=0, mapping to path=/payments/create?total=0 {"metadata":{"emulator":{"name":"functions"},"message":"[functions] Got req.url=/clone-github-5a1c7/us-central1/api/payments/create?total=0, mapping to path=/payments/create?total=0"}}
[debug] [2021-12-13T05:03:33.926Z] [runtime-status] [53959] Ephemeral server handling POST request {"metadata":{"emulator":{"name":"functions"},"function":{"name":"us-central1-api"},"message":"[runtime-status] [53959] Ephemeral server handling POST request"}}
[info] >  Payment request received!!!!!!! Total >>  0 {"user":"Payment request received!!!!!!! Total >>  0","metadata":{"emulator":{"name":"functions"},"function":{"name":"us-central1-api"},"message":"\u001b[90m> \u001b[39m Payment request received!!!!!!! Total >>  0"}}
[debug] [2021-12-13T05:03:33.929Z] [runtime-status] [53959] Ephemeral server survived. {"metadata":{"emulator":{"name":"functions"},"function":{"name":"us-central1-api"},"message":"[runtime-status] [53959] Ephemeral server survived."}}
[info] >  (node:53959) UnhandledPromiseRejectionWarning: Error: This value must be greater than or equal to 1. {"user":"(node:53959) UnhandledPromiseRejectionWarning: Error: This value must be greater than or equal to 1.","metadata":{"emulator":{"name":"functions"},"function":{"name":"us-central1-api"},"message":"\u001b[90m> \u001b[39m (node:53959) UnhandledPromiseRejectionWarning: Error: This value must be greater than or equal to 1."}}
[info] >      at Function.generate (/Users/dorukkilic/coding/react/reactRecap/amazon-clone-git-version/amazon-clone/functions/node_modules/stripe/lib/Error.js:39:16) {"user":"    at Function.generate (/Users/dorukkilic/coding/react/reactRecap/amazon-clone-git-version/amazon-clone/functions/node_modules/stripe/lib/Error.js:39:16)","metadata":{"emulator":{"name":"functions"},"function":{"name":"us-central1-api"},"message":"\u001b[90m> \u001b[39m     at Function.generate (/Users/dorukkilic/coding/react/reactRecap/amazon-clone-git-version/amazon-clone/functions/node_modules/stripe/lib/Error.js:39:16)"}}
[info] >      at IncomingMessage.<anonymous> (/Users/dorukkilic/coding/react/reactRecap/amazon-clone-git-version/amazon-clone/functions/node_modules/stripe/lib/StripeResource.js:190:33) {"user":"    at IncomingMessage.<anonymous> (/Users/dorukkilic/coding/react/reactRecap/amazon-clone-git-version/amazon-clone/functions/node_modules/stripe/lib/StripeResource.js:190:33)","metadata":{"emulator":{"name":"functions"},"function":{"name":"us-central1-api"},"message":"\u001b[90m> \u001b[39m     at IncomingMessage.<anonymous> (/Users/dorukkilic/coding/react/reactRecap/amazon-clone-git-version/amazon-clone/functions/node_modules/stripe/lib/StripeResource.js:190:33)"}}
[info] >      at Object.onceWrapper (events.js:421:28) {"user":"    at Object.onceWrapper (events.js:421:28)","metadata":{"emulator":{"name":"functions"},"function":{"name":"us-central1-api"},"message":"\u001b[90m> \u001b[39m     at Object.onceWrapper (events.js:421:28)"}}
[info] >      at IncomingMessage.emit (events.js:327:22) {"user":"    at IncomingMessage.emit (events.js:327:22)","metadata":{"emulator":{"name":"functions"},"function":{"name":"us-central1-api"},"message":"\u001b[90m> \u001b[39m     at IncomingMessage.emit (events.js:327:22)"}}
[info] >      at endReadableNT (_stream_readable.js:1220:12) {"user":"    at endReadableNT (_stream_readable.js:1220:12)","metadata":{"emulator":{"name":"functions"},"function":{"name":"us-central1-api"},"message":"\u001b[90m> \u001b[39m     at endReadableNT (_stream_readable.js:1220:12)"}}
[info] >      at processTicksAndRejections (internal/process/task_queues.js:84:21) {"user":"    at processTicksAndRejections (internal/process/task_queues.js:84:21)","metadata":{"emulator":{"name":"functions"},"function":{"name":"us-central1-api"},"message":"\u001b[90m> \u001b[39m     at processTicksAndRejections (internal/process/task_queues.js:84:21)"}}
[info] >  (node:53959) UnhandledPromiseRejectionWarning: Unhandled promise rejection. This error originated either by throwing inside of an async function without a catch block, or by rejecting a promise which was not handled with .catch(). To terminate the node process on unhandled promise rejection, use the CLI flag `--unhandled-rejections=strict` (see https://nodejs.org/api/cli.html#cli_unhandled_rejections_mode). (rejection id: 1) {"user":"(node:53959) UnhandledPromiseRejectionWarning: Unhandled promise rejection. This error originated either by throwing inside of an async function without a catch block, or by rejecting a promise which was not handled with .catch(). To terminate the node process on unhandled promise rejection, use the CLI flag `--unhandled-rejections=strict` (see https://nodejs.org/api/cli.html#cli_unhandled_rejections_mode). (rejection id: 1)","metadata":{"emulator":{"name":"functions"},"function":{"name":"us-central1-api"},"message":"\u001b[90m> \u001b[39m (node:53959) UnhandledPromiseRejectionWarning: Unhandled promise rejection. This error originated either by throwing inside of an async function without a catch block, or by rejecting a promise which was not handled with .catch(). To terminate the node process on unhandled promise rejection, use the CLI flag `--unhandled-rejections=strict` (see https://nodejs.org/api/cli.html#cli_unhandled_rejections_mode). (rejection id: 1)"}}
[info] >  (node:53959) [DEP0018] DeprecationWarning: Unhandled promise rejections are deprecated. In the future, promise rejections that are not handled will terminate the Node.js process with a non-zero exit code. {"user":"(node:53959) [DEP0018] DeprecationWarning: Unhandled promise rejections are deprecated. In the future, promise rejections that are not handled will terminate the Node.js process with a non-zero exit code.","metadata":{"emulator":{"name":"functions"},"function":{"name":"us-central1-api"},"message":"\u001b[90m> \u001b[39m (node:53959) [DEP0018] DeprecationWarning: Unhandled promise rejections are deprecated. In the future, promise rejections that are not handled will terminate the Node.js process with a non-zero exit code."}}
[warn] ⚠  functions: Your function timed out after ~60s. To configure this timeout, see
      https://firebase.google.com/docs/functions/manage-functions#set_timeout_and_memory_allocation. {"metadata":{"emulator":{"name":"functions"},"function":{"name":"us-central1-api"},"message":"Your function timed out after ~60s. To configure this timeout, see\n      https://firebase.google.com/docs/functions/manage-functions#set_timeout_and_memory_allocation."}}
[info] >  /usr/local/lib/node_modules/firebase-tools/lib/emulator/functionsEmulatorRuntime.js:604 {"user":"/usr/local/lib/node_modules/firebase-tools/lib/emulator/functionsEmulatorRuntime.js:604","metadata":{"emulator":{"name":"functions"},"function":{"name":"us-central1-api"},"message":"\u001b[90m> \u001b[39m /usr/local/lib/node_modules/firebase-tools/lib/emulator/functionsEmulatorRuntime.js:604"}}
[info] >              throw new Error("Function timed out."); {"user":"            throw new Error(\"Function timed out.\");","metadata":{"emulator":{"name":"functions"},"function":{"name":"us-central1-api"},"message":"\u001b[90m> \u001b[39m             throw new Error(\"Function timed out.\");"}}
[info] >              ^ {"user":"            ^","metadata":{"emulator":{"name":"functions"},"function":{"name":"us-central1-api"},"message":"\u001b[90m> \u001b[39m             ^"}}
[info] >   {"user":"","metadata":{"emulator":{"name":"functions"},"function":{"name":"us-central1-api"},"message":"\u001b[90m> \u001b[39m "}}
[info] >  Error: Function timed out. {"user":"Error: Function timed out.","metadata":{"emulator":{"name":"functions"},"function":{"name":"us-central1-api"},"message":"\u001b[90m> \u001b[39m Error: Function timed out."}}
[info] >      at Timeout._onTimeout (/usr/local/lib/node_modules/firebase-tools/lib/emulator/functionsEmulatorRuntime.js:604:19) {"user":"    at Timeout._onTimeout (/usr/local/lib/node_modules/firebase-tools/lib/emulator/functionsEmulatorRuntime.js:604:19)","metadata":{"emulator":{"name":"functions"},"function":{"name":"us-central1-api"},"message":"\u001b[90m> \u001b[39m     at Timeout._onTimeout (/usr/local/lib/node_modules/firebase-tools/lib/emulator/functionsEmulatorRuntime.js:604:19)"}}
[info] >      at listOnTimeout (internal/timers.js:549:17) {"user":"    at listOnTimeout (internal/timers.js:549:17)","metadata":{"emulator":{"name":"functions"},"function":{"name":"us-central1-api"},"message":"\u001b[90m> \u001b[39m     at listOnTimeout (internal/timers.js:549:17)"}}
[info] >      at processTimers (internal/timers.js:492:7) {"user":"    at processTimers (internal/timers.js:492:7)","metadata":{"emulator":{"name":"functions"},"function":{"name":"us-central1-api"},"message":"\u001b[90m> \u001b[39m     at processTimers (internal/timers.js:492:7)"}}
[debug] [2021-12-13T05:04:33.925Z] [worker-us-central1-api-6eda6cef-06b0-43b9-98d4-f8ad6b6818c2]: exited {"metadata":{"emulator":{"name":"functions"},"message":"[worker-us-central1-api-6eda6cef-06b0-43b9-98d4-f8ad6b6818c2]: exited"}}
[debug] [2021-12-13T05:04:33.925Z] [worker-us-central1-api-6eda6cef-06b0-43b9-98d4-f8ad6b6818c2]: FINISHED {"metadata":{"emulator":{"name":"functions"},"message":"[worker-us-central1-api-6eda6cef-06b0-43b9-98d4-f8ad6b6818c2]: FINISHED"}}
[debug] [2021-12-13T05:04:33.925Z] [work-queue] {"queueLength":0,"workRunningCount":0}
